2025-11-11 01:51:38 [main] INFO  t.c.CourseServiceApplication - Starting CourseServiceApplication using Java 17.0.12 with PID 11116 (D:\cloancion\system-practice\course-service\target\classes started by xrl8 in D:\cloancion\system-practice)
2025-11-11 01:51:38 [main] INFO  t.c.CourseServiceApplication - No active profile set, falling back to 1 default profile: "default"
2025-11-11 01:51:41 [main] INFO  o.s.d.r.c.RepositoryConfigurationDelegate - Bootstrapping Spring Data JPA repositories in DEFAULT mode.
2025-11-11 01:51:41 [main] INFO  o.s.d.r.c.RepositoryConfigurationDelegate - Finished Spring Data repository scanning in 190 ms. Found 1 JPA repository interface.
2025-11-11 01:51:43 [main] INFO  o.s.b.w.e.tomcat.TomcatWebServer - Tomcat initialized with port 8082 (http)
2025-11-11 01:51:43 [main] INFO  o.a.coyote.http11.Http11NioProtocol - Initializing ProtocolHandler ["http-nio-8082"]
2025-11-11 01:51:43 [main] INFO  o.a.catalina.core.StandardService - Starting service [Tomcat]
2025-11-11 01:51:43 [main] INFO  o.a.catalina.core.StandardEngine - Starting Servlet engine: [Apache Tomcat/10.1.31]
2025-11-11 01:51:43 [main] INFO  o.a.c.c.C.[Tomcat].[localhost].[/] - Initializing Spring embedded WebApplicationContext
2025-11-11 01:51:43 [main] INFO  o.s.b.w.s.c.ServletWebServerApplicationContext - Root WebApplicationContext: initialization completed in 4853 ms
2025-11-11 01:51:44 [main] INFO  o.h.jpa.internal.util.LogHelper - HHH000204: Processing PersistenceUnitInfo [name: default]
2025-11-11 01:51:44 [main] INFO  org.hibernate.Version - HHH000412: Hibernate ORM core version 6.5.3.Final
2025-11-11 01:51:44 [main] INFO  o.h.c.i.RegionFactoryInitiator - HHH000026: Second-level cache disabled
2025-11-11 01:51:45 [main] INFO  o.s.o.j.p.SpringPersistenceUnitInfo - No LoadTimeWeaver setup: ignoring JPA class transformer
2025-11-11 01:51:45 [main] INFO  com.zaxxer.hikari.HikariDataSource - HikariPool-1 - Starting...
2025-11-11 01:51:46 [main] INFO  com.zaxxer.hikari.pool.HikariPool - HikariPool-1 - Added connection com.mysql.cj.jdbc.ConnectionImpl@4269aad7
2025-11-11 01:51:46 [main] INFO  com.zaxxer.hikari.HikariDataSource - HikariPool-1 - Start completed.
2025-11-11 01:51:49 [main] INFO  o.h.e.t.j.p.i.JtaPlatformInitiator - HHH000489: No JTA platform available (set 'hibernate.transaction.jta.platform' to enable JTA platform integration)
2025-11-11 01:51:49 [main] INFO  o.s.o.j.LocalContainerEntityManagerFactoryBean - Initialized JPA EntityManagerFactory for persistence unit 'default'
2025-11-11 01:51:50 [main] WARN  o.s.b.a.o.j.JpaBaseConfiguration$JpaWebConfiguration - spring.jpa.open-in-view is enabled by default. Therefore, database queries may be performed during view rendering. Explicitly configure spring.jpa.open-in-view to disable this warning
2025-11-11 01:51:50 [main] DEBUG o.s.w.s.m.m.a.RequestMappingHandlerMapping - 6 mappings in 'requestMappingHandlerMapping'
2025-11-11 01:51:51 [main] DEBUG o.s.w.s.h.SimpleUrlHandlerMapping - Patterns [/webjars/**, /**] in 'resourceHandlerMapping'
2025-11-11 01:51:51 [main] DEBUG o.s.w.s.m.m.a.RequestMappingHandlerAdapter - ControllerAdvice beans: 0 @ModelAttribute, 0 @InitBinder, 1 RequestBodyAdvice, 1 ResponseBodyAdvice
2025-11-11 01:51:51 [main] DEBUG o.s.w.s.m.m.a.ExceptionHandlerExceptionResolver - ControllerAdvice beans: 1 @ExceptionHandler, 1 ResponseBodyAdvice
2025-11-11 01:51:52 [main] INFO  o.a.coyote.http11.Http11NioProtocol - Starting ProtocolHandler ["http-nio-8082"]
2025-11-11 01:51:52 [main] INFO  o.s.b.w.e.tomcat.TomcatWebServer - Tomcat started on port 8082 (http) with context path '/'
2025-11-11 01:51:52 [main] INFO  t.c.CourseServiceApplication - Started CourseServiceApplication in 14.469 seconds (process running for 15.358)
2025-11-11 01:52:33 [main] INFO  t.c.CourseServiceApplication - Starting CourseServiceApplication using Java 17.0.12 with PID 20880 (D:\cloancion\system-practice\course-service\target\classes started by xrl8 in D:\cloancion\system-practice)
2025-11-11 01:52:33 [main] INFO  t.c.CourseServiceApplication - No active profile set, falling back to 1 default profile: "default"
2025-11-11 01:52:35 [main] INFO  o.s.d.r.c.RepositoryConfigurationDelegate - Bootstrapping Spring Data JPA repositories in DEFAULT mode.
2025-11-11 01:52:35 [main] INFO  o.s.d.r.c.RepositoryConfigurationDelegate - Finished Spring Data repository scanning in 72 ms. Found 1 JPA repository interface.
2025-11-11 01:52:36 [main] INFO  o.s.b.w.e.tomcat.TomcatWebServer - Tomcat initialized with port 8082 (http)
2025-11-11 01:52:36 [main] INFO  o.a.coyote.http11.Http11NioProtocol - Initializing ProtocolHandler ["http-nio-8082"]
2025-11-11 01:52:36 [main] INFO  o.a.catalina.core.StandardService - Starting service [Tomcat]
2025-11-11 01:52:36 [main] INFO  o.a.catalina.core.StandardEngine - Starting Servlet engine: [Apache Tomcat/10.1.31]
2025-11-11 01:52:36 [main] INFO  o.a.c.c.C.[Tomcat].[localhost].[/] - Initializing Spring embedded WebApplicationContext
2025-11-11 01:52:36 [main] INFO  o.s.b.w.s.c.ServletWebServerApplicationContext - Root WebApplicationContext: initialization completed in 2415 ms
2025-11-11 01:52:36 [main] INFO  o.h.jpa.internal.util.LogHelper - HHH000204: Processing PersistenceUnitInfo [name: default]
2025-11-11 01:52:36 [main] INFO  org.hibernate.Version - HHH000412: Hibernate ORM core version 6.5.3.Final
2025-11-11 01:52:36 [main] INFO  o.h.c.i.RegionFactoryInitiator - HHH000026: Second-level cache disabled
2025-11-11 01:52:37 [main] INFO  o.s.o.j.p.SpringPersistenceUnitInfo - No LoadTimeWeaver setup: ignoring JPA class transformer
2025-11-11 01:52:37 [main] INFO  com.zaxxer.hikari.HikariDataSource - HikariPool-1 - Starting...
2025-11-11 01:52:37 [main] INFO  com.zaxxer.hikari.pool.HikariPool - HikariPool-1 - Added connection com.mysql.cj.jdbc.ConnectionImpl@5a6f6cac
2025-11-11 01:52:37 [main] INFO  com.zaxxer.hikari.HikariDataSource - HikariPool-1 - Start completed.
2025-11-11 01:52:39 [main] INFO  o.h.e.t.j.p.i.JtaPlatformInitiator - HHH000489: No JTA platform available (set 'hibernate.transaction.jta.platform' to enable JTA platform integration)
2025-11-11 01:52:39 [main] INFO  o.s.o.j.LocalContainerEntityManagerFactoryBean - Initialized JPA EntityManagerFactory for persistence unit 'default'
2025-11-11 01:52:39 [main] WARN  o.s.b.a.o.j.JpaBaseConfiguration$JpaWebConfiguration - spring.jpa.open-in-view is enabled by default. Therefore, database queries may be performed during view rendering. Explicitly configure spring.jpa.open-in-view to disable this warning
2025-11-11 01:52:40 [main] DEBUG o.s.w.s.m.m.a.RequestMappingHandlerMapping - 6 mappings in 'requestMappingHandlerMapping'
2025-11-11 01:52:40 [main] DEBUG o.s.w.s.h.SimpleUrlHandlerMapping - Patterns [/webjars/**, /**] in 'resourceHandlerMapping'
2025-11-11 01:52:40 [main] DEBUG o.s.w.s.m.m.a.RequestMappingHandlerAdapter - ControllerAdvice beans: 0 @ModelAttribute, 0 @InitBinder, 1 RequestBodyAdvice, 1 ResponseBodyAdvice
2025-11-11 01:52:40 [main] DEBUG o.s.w.s.m.m.a.ExceptionHandlerExceptionResolver - ControllerAdvice beans: 1 @ExceptionHandler, 1 ResponseBodyAdvice
2025-11-11 01:52:40 [main] INFO  o.a.coyote.http11.Http11NioProtocol - Starting ProtocolHandler ["http-nio-8082"]
2025-11-11 01:52:40 [main] INFO  o.s.b.w.e.tomcat.TomcatWebServer - Tomcat started on port 8082 (http) with context path '/'
2025-11-11 01:52:40 [main] INFO  t.c.CourseServiceApplication - Started CourseServiceApplication in 7.531 seconds (process running for 7.972)
2025-11-11 02:35:07 [http-nio-8082-exec-1] INFO  o.a.c.c.C.[Tomcat].[localhost].[/] - Initializing Spring DispatcherServlet 'dispatcherServlet'
2025-11-11 02:35:07 [http-nio-8082-exec-1] INFO  o.s.web.servlet.DispatcherServlet - Initializing Servlet 'dispatcherServlet'
2025-11-11 02:35:07 [http-nio-8082-exec-1] DEBUG o.s.web.servlet.DispatcherServlet - Detected StandardServletMultipartResolver
2025-11-11 02:35:07 [http-nio-8082-exec-1] DEBUG o.s.web.servlet.DispatcherServlet - Detected AcceptHeaderLocaleResolver
2025-11-11 02:35:07 [http-nio-8082-exec-1] DEBUG o.s.web.servlet.DispatcherServlet - Detected FixedThemeResolver
2025-11-11 02:35:07 [http-nio-8082-exec-1] DEBUG o.s.web.servlet.DispatcherServlet - Detected org.springframework.web.servlet.view.DefaultRequestToViewNameTranslator@4629dde5
2025-11-11 02:35:07 [http-nio-8082-exec-1] DEBUG o.s.web.servlet.DispatcherServlet - Detected org.springframework.web.servlet.support.SessionFlashMapManager@6a26eee6
2025-11-11 02:35:07 [http-nio-8082-exec-1] DEBUG o.s.web.servlet.DispatcherServlet - enableLoggingRequestDetails='false': request parameters and headers will be masked to prevent unsafe logging of potentially sensitive data
2025-11-11 02:35:07 [http-nio-8082-exec-1] INFO  o.s.web.servlet.DispatcherServlet - Completed initialization in 3 ms
2025-11-11 02:35:07 [http-nio-8082-exec-1] DEBUG o.s.web.servlet.DispatcherServlet - GET "/api/courses", parameters={}
2025-11-11 02:35:07 [http-nio-8082-exec-1] DEBUG o.s.w.s.m.m.a.RequestMappingHandlerMapping - Mapped to taller.course_service.controller.CourseController#getAll()
2025-11-11 02:35:07 [http-nio-8082-exec-1] DEBUG o.s.w.s.m.m.a.RequestResponseBodyMethodProcessor - Using 'application/json', given [*/*] and supported [application/json, application/*+json]
2025-11-11 02:35:07 [http-nio-8082-exec-1] DEBUG o.s.w.s.m.m.a.RequestResponseBodyMethodProcessor - Writing [[]]
2025-11-11 02:35:07 [http-nio-8082-exec-1] DEBUG o.s.web.servlet.DispatcherServlet - Completed 200 OK
2025-11-11 02:35:43 [http-nio-8082-exec-2] DEBUG o.s.web.servlet.DispatcherServlet - PUT "/api/courses", parameters={}
2025-11-11 02:35:43 [http-nio-8082-exec-2] DEBUG o.s.w.s.m.m.a.ExceptionHandlerExceptionResolver - Using @ExceptionHandler taller.course_service.exception.GlobalExceptionHandler#handleAll(Exception)
2025-11-11 02:35:43 [http-nio-8082-exec-2] ERROR t.c.exception.GlobalExceptionHandler - Error: Request method 'PUT' is not supported
2025-11-11 02:35:43 [http-nio-8082-exec-2] DEBUG o.s.w.s.m.m.a.HttpEntityMethodProcessor - Using 'text/plain', given [*/*] and supported [text/plain, */*, application/json, application/*+json]
2025-11-11 02:35:43 [http-nio-8082-exec-2] DEBUG o.s.w.s.m.m.a.HttpEntityMethodProcessor - Writing ["Error interno del servidor"]
2025-11-11 02:35:43 [http-nio-8082-exec-2] DEBUG o.s.w.s.m.m.a.ExceptionHandlerExceptionResolver - Resolved [org.springframework.web.HttpRequestMethodNotSupportedException: Request method 'PUT' is not supported]
2025-11-11 02:35:43 [http-nio-8082-exec-2] DEBUG o.s.web.servlet.DispatcherServlet - Completed 500 INTERNAL_SERVER_ERROR
2025-11-11 02:36:00 [http-nio-8082-exec-3] DEBUG o.s.web.servlet.DispatcherServlet - POST "/api/courses", parameters={}
2025-11-11 02:36:00 [http-nio-8082-exec-3] DEBUG o.s.w.s.m.m.a.RequestMappingHandlerMapping - Mapped to taller.course_service.controller.CourseController#create(Course)
2025-11-11 02:36:00 [http-nio-8082-exec-3] DEBUG o.s.w.s.m.m.a.RequestResponseBodyMethodProcessor - Read "application/json;charset=UTF-8" to [Course(id=null, nombre=Matemáticas I, descripcion=Curso básico de álgebra, creditos=4)]
2025-11-11 02:36:00 [http-nio-8082-exec-3] DEBUG o.s.w.s.m.m.a.RequestResponseBodyMethodProcessor - Using 'application/json', given [*/*] and supported [application/json, application/*+json]
2025-11-11 02:36:00 [http-nio-8082-exec-3] DEBUG o.s.w.s.m.m.a.RequestResponseBodyMethodProcessor - Writing [Course(id=1, nombre=Matemáticas I, descripcion=Curso básico de álgebra, creditos=4)]
2025-11-11 02:36:00 [http-nio-8082-exec-3] DEBUG o.s.web.servlet.DispatcherServlet - Completed 200 OK
2025-11-11 02:36:07 [http-nio-8082-exec-4] DEBUG o.s.web.servlet.DispatcherServlet - POST "/api/courses", parameters={}
2025-11-11 02:36:07 [http-nio-8082-exec-4] DEBUG o.s.w.s.m.m.a.RequestMappingHandlerMapping - Mapped to taller.course_service.controller.CourseController#create(Course)
2025-11-11 02:36:07 [http-nio-8082-exec-4] DEBUG o.s.w.s.m.m.a.RequestResponseBodyMethodProcessor - Read "application/json;charset=UTF-8" to [Course(id=null, nombre=Matemáticas II, descripcion=Curso básico de álgebra, creditos=4)]
2025-11-11 02:36:07 [http-nio-8082-exec-4] DEBUG o.s.w.s.m.m.a.RequestResponseBodyMethodProcessor - Using 'application/json', given [*/*] and supported [application/json, application/*+json]
2025-11-11 02:36:07 [http-nio-8082-exec-4] DEBUG o.s.w.s.m.m.a.RequestResponseBodyMethodProcessor - Writing [Course(id=2, nombre=Matemáticas II, descripcion=Curso básico de álgebra, creditos=4)]
2025-11-11 02:36:07 [http-nio-8082-exec-4] DEBUG o.s.web.servlet.DispatcherServlet - Completed 200 OK
2025-11-11 02:36:13 [http-nio-8082-exec-5] DEBUG o.s.web.servlet.DispatcherServlet - POST "/api/courses", parameters={}
2025-11-11 02:36:13 [http-nio-8082-exec-5] DEBUG o.s.w.s.m.m.a.RequestMappingHandlerMapping - Mapped to taller.course_service.controller.CourseController#create(Course)
2025-11-11 02:36:13 [http-nio-8082-exec-5] DEBUG o.s.w.s.m.m.a.RequestResponseBodyMethodProcessor - Read "application/json;charset=UTF-8" to [Course(id=null, nombre=Matemáticas III, descripcion=Curso básico de álgebra, creditos=4)]
2025-11-11 02:36:13 [http-nio-8082-exec-5] DEBUG o.s.w.s.m.m.a.RequestResponseBodyMethodProcessor - Using 'application/json', given [*/*] and supported [application/json, application/*+json]
2025-11-11 02:36:13 [http-nio-8082-exec-5] DEBUG o.s.w.s.m.m.a.RequestResponseBodyMethodProcessor - Writing [Course(id=3, nombre=Matemáticas III, descripcion=Curso básico de álgebra, creditos=4)]
2025-11-11 02:36:13 [http-nio-8082-exec-5] DEBUG o.s.web.servlet.DispatcherServlet - Completed 200 OK
2025-11-11 02:36:18 [http-nio-8082-exec-6] DEBUG o.s.web.servlet.DispatcherServlet - GET "/api/courses", parameters={}
2025-11-11 02:36:18 [http-nio-8082-exec-6] DEBUG o.s.w.s.m.m.a.RequestMappingHandlerMapping - Mapped to taller.course_service.controller.CourseController#getAll()
2025-11-11 02:36:18 [http-nio-8082-exec-6] DEBUG o.s.w.s.m.m.a.RequestResponseBodyMethodProcessor - Using 'application/json', given [*/*] and supported [application/json, application/*+json]
2025-11-11 02:36:18 [http-nio-8082-exec-6] DEBUG o.s.w.s.m.m.a.RequestResponseBodyMethodProcessor - Writing [[Course(id=1, nombre=Matemáticas I, descripcion=Curso básico de álgebra, creditos=4), Course(id=2, n (truncated)...]
2025-11-11 02:36:18 [http-nio-8082-exec-6] DEBUG o.s.web.servlet.DispatcherServlet - Completed 200 OK
2025-11-11 02:36:53 [http-nio-8082-exec-7] DEBUG o.s.web.servlet.DispatcherServlet - PUT "/api/courses/1", parameters={}
2025-11-11 02:36:53 [http-nio-8082-exec-7] DEBUG o.s.w.s.m.m.a.RequestMappingHandlerMapping - Mapped to taller.course_service.controller.CourseController#update(Long, Course)
2025-11-11 02:36:53 [http-nio-8082-exec-7] DEBUG o.s.w.s.m.m.a.RequestResponseBodyMethodProcessor - Read "application/json;charset=UTF-8" to [Course(id=null, nombre=Matemáticas I, descripcion=Curso básico, creditos=4)]
2025-11-11 02:36:53 [http-nio-8082-exec-7] DEBUG o.s.w.s.m.m.a.RequestResponseBodyMethodProcessor - Using 'application/json', given [*/*] and supported [application/json, application/*+json]
2025-11-11 02:36:53 [http-nio-8082-exec-7] DEBUG o.s.w.s.m.m.a.RequestResponseBodyMethodProcessor - Writing [Course(id=1, nombre=Matemáticas I, descripcion=Curso básico, creditos=4)]
2025-11-11 02:36:53 [http-nio-8082-exec-7] DEBUG o.s.web.servlet.DispatcherServlet - Completed 200 OK
2025-11-11 02:36:57 [http-nio-8082-exec-8] DEBUG o.s.web.servlet.DispatcherServlet - GET "/api/courses/1", parameters={}
2025-11-11 02:36:57 [http-nio-8082-exec-8] DEBUG o.s.w.s.m.m.a.ExceptionHandlerExceptionResolver - Using @ExceptionHandler taller.course_service.exception.GlobalExceptionHandler#handleAll(Exception)
2025-11-11 02:36:57 [http-nio-8082-exec-8] ERROR t.c.exception.GlobalExceptionHandler - Error: Request method 'GET' is not supported
2025-11-11 02:36:57 [http-nio-8082-exec-8] DEBUG o.s.w.s.m.m.a.HttpEntityMethodProcessor - Using 'text/plain', given [*/*] and supported [text/plain, */*, application/json, application/*+json]
2025-11-11 02:36:57 [http-nio-8082-exec-8] DEBUG o.s.w.s.m.m.a.HttpEntityMethodProcessor - Writing ["Error interno del servidor"]
2025-11-11 02:36:57 [http-nio-8082-exec-8] DEBUG o.s.w.s.m.m.a.ExceptionHandlerExceptionResolver - Resolved [org.springframework.web.HttpRequestMethodNotSupportedException: Request method 'GET' is not supported]
2025-11-11 02:36:57 [http-nio-8082-exec-8] DEBUG o.s.web.servlet.DispatcherServlet - Completed 500 INTERNAL_SERVER_ERROR
2025-11-11 02:37:01 [http-nio-8082-exec-9] DEBUG o.s.web.servlet.DispatcherServlet - GET "/api/courses", parameters={}
2025-11-11 02:37:01 [http-nio-8082-exec-9] DEBUG o.s.w.s.m.m.a.RequestMappingHandlerMapping - Mapped to taller.course_service.controller.CourseController#getAll()
2025-11-11 02:37:01 [http-nio-8082-exec-9] DEBUG o.s.w.s.m.m.a.RequestResponseBodyMethodProcessor - Using 'application/json', given [*/*] and supported [application/json, application/*+json]
2025-11-11 02:37:01 [http-nio-8082-exec-9] DEBUG o.s.w.s.m.m.a.RequestResponseBodyMethodProcessor - Writing [[Course(id=1, nombre=Matemáticas I, descripcion=Curso básico, creditos=4), Course(id=2, nombre=Matem (truncated)...]
2025-11-11 02:37:01 [http-nio-8082-exec-9] DEBUG o.s.web.servlet.DispatcherServlet - Completed 200 OK
2025-11-11 05:55:37 [HikariPool-1 housekeeper] WARN  com.zaxxer.hikari.pool.HikariPool - HikariPool-1 - Thread starvation or clock leap detected (housekeeper delta=3h1m58s64ms131µs).
2025-11-11 10:50:43 [HikariPool-1 housekeeper] WARN  com.zaxxer.hikari.pool.HikariPool - HikariPool-1 - Thread starvation or clock leap detected (housekeeper delta=4h55m13s948ms857µs399ns).
2025-11-11 11:32:54 [main] INFO  t.c.CourseServiceApplication - Starting CourseServiceApplication using Java 17.0.12 with PID 4740 (D:\cloancion\system-practice\course-service\target\classes started by xrl8 in D:\cloancion\system-practice)
2025-11-11 11:32:54 [main] INFO  t.c.CourseServiceApplication - No active profile set, falling back to 1 default profile: "default"
2025-11-11 11:32:56 [main] INFO  o.s.d.r.c.RepositoryConfigurationDelegate - Bootstrapping Spring Data JPA repositories in DEFAULT mode.
2025-11-11 11:32:56 [main] INFO  o.s.d.r.c.RepositoryConfigurationDelegate - Finished Spring Data repository scanning in 63 ms. Found 1 JPA repository interface.
2025-11-11 11:32:57 [main] INFO  o.s.b.w.e.tomcat.TomcatWebServer - Tomcat initialized with port 8082 (http)
2025-11-11 11:32:57 [main] INFO  o.a.coyote.http11.Http11NioProtocol - Initializing ProtocolHandler ["http-nio-8082"]
2025-11-11 11:32:57 [main] INFO  o.a.catalina.core.StandardService - Starting service [Tomcat]
2025-11-11 11:32:57 [main] INFO  o.a.catalina.core.StandardEngine - Starting Servlet engine: [Apache Tomcat/10.1.31]
2025-11-11 11:32:57 [main] INFO  o.a.c.c.C.[Tomcat].[localhost].[/] - Initializing Spring embedded WebApplicationContext
2025-11-11 11:32:57 [main] INFO  o.s.b.w.s.c.ServletWebServerApplicationContext - Root WebApplicationContext: initialization completed in 2962 ms
2025-11-11 11:32:58 [main] INFO  o.h.jpa.internal.util.LogHelper - HHH000204: Processing PersistenceUnitInfo [name: default]
2025-11-11 11:32:58 [main] INFO  org.hibernate.Version - HHH000412: Hibernate ORM core version 6.5.3.Final
2025-11-11 11:32:58 [main] INFO  o.h.c.i.RegionFactoryInitiator - HHH000026: Second-level cache disabled
2025-11-11 11:32:59 [main] INFO  o.s.o.j.p.SpringPersistenceUnitInfo - No LoadTimeWeaver setup: ignoring JPA class transformer
2025-11-11 11:32:59 [main] INFO  com.zaxxer.hikari.HikariDataSource - HikariPool-1 - Starting...
2025-11-11 11:33:00 [main] INFO  com.zaxxer.hikari.pool.HikariPool - HikariPool-1 - Added connection com.mysql.cj.jdbc.ConnectionImpl@3e98b933
2025-11-11 11:33:00 [main] INFO  com.zaxxer.hikari.HikariDataSource - HikariPool-1 - Start completed.
2025-11-11 11:33:02 [main] INFO  o.h.e.t.j.p.i.JtaPlatformInitiator - HHH000489: No JTA platform available (set 'hibernate.transaction.jta.platform' to enable JTA platform integration)
2025-11-11 11:33:03 [main] INFO  o.s.o.j.LocalContainerEntityManagerFactoryBean - Initialized JPA EntityManagerFactory for persistence unit 'default'
2025-11-11 11:33:04 [main] WARN  o.s.b.a.o.j.JpaBaseConfiguration$JpaWebConfiguration - spring.jpa.open-in-view is enabled by default. Therefore, database queries may be performed during view rendering. Explicitly configure spring.jpa.open-in-view to disable this warning
2025-11-11 11:33:04 [main] DEBUG o.s.w.s.m.m.a.RequestMappingHandlerMapping - 6 mappings in 'requestMappingHandlerMapping'
2025-11-11 11:33:04 [main] DEBUG o.s.w.s.h.SimpleUrlHandlerMapping - Patterns [/webjars/**, /**] in 'resourceHandlerMapping'
2025-11-11 11:33:04 [main] DEBUG o.s.w.s.m.m.a.RequestMappingHandlerAdapter - ControllerAdvice beans: 0 @ModelAttribute, 0 @InitBinder, 1 RequestBodyAdvice, 1 ResponseBodyAdvice
2025-11-11 11:33:04 [main] DEBUG o.s.w.s.m.m.a.ExceptionHandlerExceptionResolver - ControllerAdvice beans: 1 @ExceptionHandler, 1 ResponseBodyAdvice
2025-11-11 11:33:05 [main] INFO  o.a.coyote.http11.Http11NioProtocol - Starting ProtocolHandler ["http-nio-8082"]
2025-11-11 11:33:05 [main] INFO  o.s.b.w.e.tomcat.TomcatWebServer - Tomcat started on port 8082 (http) with context path '/'
2025-11-11 11:33:05 [main] INFO  t.c.CourseServiceApplication - Started CourseServiceApplication in 11.632 seconds (process running for 12.316)
2025-11-11 11:33:45 [http-nio-8082-exec-1] INFO  o.a.c.c.C.[Tomcat].[localhost].[/] - Initializing Spring DispatcherServlet 'dispatcherServlet'
2025-11-11 11:33:45 [http-nio-8082-exec-1] INFO  o.s.web.servlet.DispatcherServlet - Initializing Servlet 'dispatcherServlet'
2025-11-11 11:33:45 [http-nio-8082-exec-1] DEBUG o.s.web.servlet.DispatcherServlet - Detected StandardServletMultipartResolver
2025-11-11 11:33:45 [http-nio-8082-exec-1] DEBUG o.s.web.servlet.DispatcherServlet - Detected AcceptHeaderLocaleResolver
2025-11-11 11:33:45 [http-nio-8082-exec-1] DEBUG o.s.web.servlet.DispatcherServlet - Detected FixedThemeResolver
2025-11-11 11:33:45 [http-nio-8082-exec-1] DEBUG o.s.web.servlet.DispatcherServlet - Detected org.springframework.web.servlet.view.DefaultRequestToViewNameTranslator@8eeb4c5
2025-11-11 11:33:45 [http-nio-8082-exec-1] DEBUG o.s.web.servlet.DispatcherServlet - Detected org.springframework.web.servlet.support.SessionFlashMapManager@25da1dc9
2025-11-11 11:33:45 [http-nio-8082-exec-1] DEBUG o.s.web.servlet.DispatcherServlet - enableLoggingRequestDetails='false': request parameters and headers will be masked to prevent unsafe logging of potentially sensitive data
2025-11-11 11:33:45 [http-nio-8082-exec-1] INFO  o.s.web.servlet.DispatcherServlet - Completed initialization in 3 ms
2025-11-11 11:33:45 [http-nio-8082-exec-1] DEBUG o.s.web.servlet.DispatcherServlet - GET "/api/courses", parameters={}
2025-11-11 11:33:45 [http-nio-8082-exec-1] DEBUG o.s.w.s.m.m.a.RequestMappingHandlerMapping - Mapped to taller.course_service.controller.CourseController#getAll()
2025-11-11 11:33:45 [http-nio-8082-exec-1] DEBUG o.s.w.s.m.m.a.RequestResponseBodyMethodProcessor - Using 'application/json', given [*/*] and supported [application/json, application/*+json]
2025-11-11 11:33:45 [http-nio-8082-exec-1] DEBUG o.s.w.s.m.m.a.RequestResponseBodyMethodProcessor - Writing [[CourseResponse(id=1, nombre=Matemáticas I, descripcion=Curso básico, creditos=4), CourseResponse(id (truncated)...]
2025-11-11 11:33:45 [http-nio-8082-exec-1] DEBUG o.s.web.servlet.DispatcherServlet - Completed 200 OK
2025-11-11 11:33:52 [http-nio-8082-exec-2] DEBUG o.s.web.servlet.DispatcherServlet - GET "/api/student", parameters={}
2025-11-11 11:33:52 [http-nio-8082-exec-2] DEBUG o.s.w.s.h.SimpleUrlHandlerMapping - Mapped to ResourceHttpRequestHandler [classpath [META-INF/resources/], classpath [resources/], classpath [static/], classpath [public/], ServletContext [/]]
2025-11-11 11:33:52 [http-nio-8082-exec-2] DEBUG o.s.w.s.r.ResourceHttpRequestHandler - Resource not found
2025-11-11 11:33:52 [http-nio-8082-exec-2] DEBUG o.s.w.s.m.m.a.ExceptionHandlerExceptionResolver - Using @ExceptionHandler taller.course_service.exception.GlobalExceptionHandler#handleAll(Exception)
2025-11-11 11:33:52 [http-nio-8082-exec-2] ERROR t.c.exception.GlobalExceptionHandler - Error: No static resource api/student.
2025-11-11 11:33:52 [http-nio-8082-exec-2] DEBUG o.s.w.s.m.m.a.HttpEntityMethodProcessor - Using 'text/plain', given [*/*] and supported [text/plain, */*, application/json, application/*+json]
2025-11-11 11:33:52 [http-nio-8082-exec-2] DEBUG o.s.w.s.m.m.a.HttpEntityMethodProcessor - Writing ["Error interno del servidor"]
2025-11-11 11:33:52 [http-nio-8082-exec-2] DEBUG o.s.w.s.m.m.a.ExceptionHandlerExceptionResolver - Resolved [org.springframework.web.servlet.resource.NoResourceFoundException: No static resource api/student.]
2025-11-11 11:33:52 [http-nio-8082-exec-2] DEBUG o.s.web.servlet.DispatcherServlet - Completed 500 INTERNAL_SERVER_ERROR
2025-11-11 11:59:48 [main] INFO  t.c.CourseServiceApplication - Starting CourseServiceApplication using Java 17.0.12 with PID 10972 (D:\cloancion\system-practice\course-service\target\classes started by xrl8 in D:\cloancion\system-practice)
2025-11-11 11:59:48 [main] INFO  t.c.CourseServiceApplication - No active profile set, falling back to 1 default profile: "default"
2025-11-11 11:59:50 [main] INFO  o.s.d.r.c.RepositoryConfigurationDelegate - Bootstrapping Spring Data JPA repositories in DEFAULT mode.
2025-11-11 11:59:50 [main] INFO  o.s.d.r.c.RepositoryConfigurationDelegate - Finished Spring Data repository scanning in 135 ms. Found 1 JPA repository interface.
2025-11-11 11:59:52 [main] INFO  o.s.b.w.e.tomcat.TomcatWebServer - Tomcat initialized with port 8082 (http)
2025-11-11 11:59:52 [main] INFO  o.a.coyote.http11.Http11NioProtocol - Initializing ProtocolHandler ["http-nio-8082"]
2025-11-11 11:59:52 [main] INFO  o.a.catalina.core.StandardService - Starting service [Tomcat]
2025-11-11 11:59:52 [main] INFO  o.a.catalina.core.StandardEngine - Starting Servlet engine: [Apache Tomcat/10.1.31]
2025-11-11 11:59:52 [main] INFO  o.a.c.c.C.[Tomcat].[localhost].[/] - Initializing Spring embedded WebApplicationContext
2025-11-11 11:59:52 [main] INFO  o.s.b.w.s.c.ServletWebServerApplicationContext - Root WebApplicationContext: initialization completed in 3333 ms
2025-11-11 11:59:52 [main] INFO  o.h.jpa.internal.util.LogHelper - HHH000204: Processing PersistenceUnitInfo [name: default]
2025-11-11 11:59:52 [main] INFO  org.hibernate.Version - HHH000412: Hibernate ORM core version 6.5.3.Final
2025-11-11 11:59:52 [main] INFO  o.h.c.i.RegionFactoryInitiator - HHH000026: Second-level cache disabled
2025-11-11 11:59:53 [main] INFO  o.s.o.j.p.SpringPersistenceUnitInfo - No LoadTimeWeaver setup: ignoring JPA class transformer
2025-11-11 11:59:53 [main] INFO  com.zaxxer.hikari.HikariDataSource - HikariPool-1 - Starting...
2025-11-11 11:59:54 [main] INFO  com.zaxxer.hikari.pool.HikariPool - HikariPool-1 - Added connection com.mysql.cj.jdbc.ConnectionImpl@3e98b933
2025-11-11 11:59:54 [main] INFO  com.zaxxer.hikari.HikariDataSource - HikariPool-1 - Start completed.
2025-11-11 11:59:56 [main] INFO  o.h.e.t.j.p.i.JtaPlatformInitiator - HHH000489: No JTA platform available (set 'hibernate.transaction.jta.platform' to enable JTA platform integration)
2025-11-11 11:59:56 [main] INFO  o.s.o.j.LocalContainerEntityManagerFactoryBean - Initialized JPA EntityManagerFactory for persistence unit 'default'
2025-11-11 11:59:56 [main] WARN  o.s.b.a.o.j.JpaBaseConfiguration$JpaWebConfiguration - spring.jpa.open-in-view is enabled by default. Therefore, database queries may be performed during view rendering. Explicitly configure spring.jpa.open-in-view to disable this warning
2025-11-11 11:59:56 [main] DEBUG o.s.w.s.m.m.a.RequestMappingHandlerMapping - 6 mappings in 'requestMappingHandlerMapping'
2025-11-11 11:59:57 [main] DEBUG o.s.w.s.h.SimpleUrlHandlerMapping - Patterns [/webjars/**, /**] in 'resourceHandlerMapping'
2025-11-11 11:59:57 [main] DEBUG o.s.w.s.m.m.a.RequestMappingHandlerAdapter - ControllerAdvice beans: 0 @ModelAttribute, 0 @InitBinder, 1 RequestBodyAdvice, 1 ResponseBodyAdvice
2025-11-11 11:59:57 [main] DEBUG o.s.w.s.m.m.a.ExceptionHandlerExceptionResolver - ControllerAdvice beans: 1 @ExceptionHandler, 1 ResponseBodyAdvice
2025-11-11 11:59:57 [main] INFO  o.a.coyote.http11.Http11NioProtocol - Starting ProtocolHandler ["http-nio-8082"]
2025-11-11 11:59:57 [main] INFO  o.s.b.w.e.tomcat.TomcatWebServer - Tomcat started on port 8082 (http) with context path '/'
2025-11-11 11:59:57 [main] INFO  t.c.CourseServiceApplication - Started CourseServiceApplication in 9.965 seconds (process running for 10.372)
2025-11-11 12:00:27 [http-nio-8082-exec-1] INFO  o.a.c.c.C.[Tomcat].[localhost].[/] - Initializing Spring DispatcherServlet 'dispatcherServlet'
2025-11-11 12:00:27 [http-nio-8082-exec-1] INFO  o.s.web.servlet.DispatcherServlet - Initializing Servlet 'dispatcherServlet'
2025-11-11 12:00:27 [http-nio-8082-exec-1] DEBUG o.s.web.servlet.DispatcherServlet - Detected StandardServletMultipartResolver
2025-11-11 12:00:27 [http-nio-8082-exec-1] DEBUG o.s.web.servlet.DispatcherServlet - Detected AcceptHeaderLocaleResolver
2025-11-11 12:00:27 [http-nio-8082-exec-1] DEBUG o.s.web.servlet.DispatcherServlet - Detected FixedThemeResolver
2025-11-11 12:00:27 [http-nio-8082-exec-1] DEBUG o.s.web.servlet.DispatcherServlet - Detected org.springframework.web.servlet.view.DefaultRequestToViewNameTranslator@8eeb4c5
2025-11-11 12:00:27 [http-nio-8082-exec-1] DEBUG o.s.web.servlet.DispatcherServlet - Detected org.springframework.web.servlet.support.SessionFlashMapManager@25da1dc9
2025-11-11 12:00:27 [http-nio-8082-exec-1] DEBUG o.s.web.servlet.DispatcherServlet - enableLoggingRequestDetails='false': request parameters and headers will be masked to prevent unsafe logging of potentially sensitive data
2025-11-11 12:00:27 [http-nio-8082-exec-1] INFO  o.s.web.servlet.DispatcherServlet - Completed initialization in 3 ms
2025-11-11 12:00:27 [http-nio-8082-exec-1] DEBUG o.s.web.servlet.DispatcherServlet - GET "/api/courses", parameters={}
2025-11-11 12:00:27 [http-nio-8082-exec-1] DEBUG o.s.w.s.m.m.a.RequestMappingHandlerMapping - Mapped to taller.course_service.controller.CourseController#getAll()
2025-11-11 12:00:27 [http-nio-8082-exec-1] INFO  t.c.controller.CourseController - Obteniendo todos los cursos
2025-11-11 12:00:27 [http-nio-8082-exec-1] DEBUG o.s.w.s.m.m.a.RequestResponseBodyMethodProcessor - Using 'application/json', given [*/*] and supported [application/json, application/*+json]
2025-11-11 12:00:27 [http-nio-8082-exec-1] DEBUG o.s.w.s.m.m.a.RequestResponseBodyMethodProcessor - Writing [[CourseResponse(id=1, nombre=Matemáticas I, descripcion=Curso básico, creditos=4), CourseResponse(id (truncated)...]
2025-11-11 12:00:27 [http-nio-8082-exec-1] DEBUG o.s.web.servlet.DispatcherServlet - Completed 200 OK
2025-11-11 12:01:17 [http-nio-8082-exec-2] DEBUG o.s.web.servlet.DispatcherServlet - POST "/api/courses", parameters={}
2025-11-11 12:01:17 [http-nio-8082-exec-2] DEBUG o.s.w.s.m.m.a.RequestMappingHandlerMapping - Mapped to taller.course_service.controller.CourseController#create(CourseRequest)
2025-11-11 12:01:17 [http-nio-8082-exec-2] DEBUG o.s.w.s.m.m.a.RequestResponseBodyMethodProcessor - Read "application/json;charset=UTF-8" to [CourseRequest(nombre=FISICA I, descripcion=Curso básico de fisicaa, creditos=4)]
2025-11-11 12:01:17 [http-nio-8082-exec-2] INFO  t.c.controller.CourseController - Creando curso: FISICA I
2025-11-11 12:01:18 [http-nio-8082-exec-2] DEBUG o.s.w.s.m.m.a.RequestResponseBodyMethodProcessor - Using 'application/json', given [*/*] and supported [application/json, application/*+json]
2025-11-11 12:01:18 [http-nio-8082-exec-2] DEBUG o.s.w.s.m.m.a.RequestResponseBodyMethodProcessor - Writing [CourseResponse(id=4, nombre=FISICA I, descripcion=Curso básico de fisicaa, creditos=4)]
2025-11-11 12:01:18 [http-nio-8082-exec-2] DEBUG o.s.web.servlet.DispatcherServlet - Completed 200 OK
2025-11-11 12:01:32 [http-nio-8082-exec-3] DEBUG o.s.web.servlet.DispatcherServlet - POST "/api/courses", parameters={}
2025-11-11 12:01:32 [http-nio-8082-exec-3] DEBUG o.s.w.s.m.m.a.RequestMappingHandlerMapping - Mapped to taller.course_service.controller.CourseController#create(CourseRequest)
2025-11-11 12:01:32 [http-nio-8082-exec-3] DEBUG o.s.w.s.m.m.a.RequestResponseBodyMethodProcessor - Read "application/json;charset=UTF-8" to [CourseRequest(nombre=FISICA I, descripcion=Curso básico de fisicaa, creditos=4)]
2025-11-11 12:01:32 [http-nio-8082-exec-3] INFO  t.c.controller.CourseController - Creando curso: FISICA I
2025-11-11 12:01:32 [http-nio-8082-exec-3] DEBUG o.s.w.s.m.m.a.RequestResponseBodyMethodProcessor - Using 'application/json', given [*/*] and supported [application/json, application/*+json]
2025-11-11 12:01:32 [http-nio-8082-exec-3] DEBUG o.s.w.s.m.m.a.RequestResponseBodyMethodProcessor - Writing [CourseResponse(id=5, nombre=FISICA I, descripcion=Curso básico de fisicaa, creditos=4)]
2025-11-11 12:01:32 [http-nio-8082-exec-3] DEBUG o.s.web.servlet.DispatcherServlet - Completed 200 OK
2025-11-11 12:02:51 [http-nio-8082-exec-4] DEBUG o.s.web.servlet.DispatcherServlet - DELETE "/api/courses/5", parameters={}
2025-11-11 12:02:51 [http-nio-8082-exec-4] DEBUG o.s.w.s.m.m.a.RequestMappingHandlerMapping - Mapped to taller.course_service.controller.CourseController#delete(Long)
2025-11-11 12:02:51 [http-nio-8082-exec-4] INFO  t.c.controller.CourseController - Eliminando curso con ID 5
2025-11-11 12:02:51 [http-nio-8082-exec-4] DEBUG o.s.w.s.m.m.a.RequestResponseBodyMethodProcessor - Using 'application/json', given [*/*] and supported [application/json, application/*+json]
2025-11-11 12:02:51 [http-nio-8082-exec-4] DEBUG o.s.w.s.m.m.a.RequestResponseBodyMethodProcessor - Nothing to write: null body
2025-11-11 12:02:51 [http-nio-8082-exec-4] DEBUG o.s.web.servlet.DispatcherServlet - Completed 200 OK
